b[2024-04-21 14:29:38] INFO: Servidor iniciando.
[2024-04-21 14:29:39] INFO: Servidor iniciado com sucesso.
[2024-04-21 14:29:45] INFO: Verificando informações de login do usuário.
[2024-04-21 14:29:46] INFO: Usuário foi encontrado com sucesso.
[2024-04-21 14:29:46] INFO: Usuário logado com sucesso: clau@
[2024-04-21 14:29:46] INFO: Capturando dados do sistema operacional.
[2024-04-21 14:29:47] INFO: Capturando dados da sua CPU.
[2024-04-21 14:29:49] INFO: Dados da CPU capturados com sucesso.
[2024-04-21 14:29:49] INFO: Capturando dados do seu HDD
[2024-04-21 14:29:49] INFO: Dados do disco gravados.
[2024-04-21 14:29:49] INFO: Capturando dados da sua bateria.
[2024-04-21 14:29:49] INFO: Dados da bateria gravados.
[2024-04-21 14:29:49] INFO: Capturando dados da sua memória Ram.
[2024-04-21 14:29:49] INFO: Capturando dados da sua GPU
[2024-04-21 14:29:49] INFO: Dados da GPU gravados.
[2024-04-21 14:29:49] INFO: Capturando dados das suas conexões USB
[2024-04-21 14:29:49] INFO: Capturando dados dos seus Apps.
[2024-04-21 14:29:49] INFO: Dados da janela gravados.
[2024-04-21 14:29:49] INFO: Dados da janela gravados.
[2024-04-21 14:29:49] INFO: Dados da janela gravados.
[2024-04-21 14:29:49] INFO: Dados da janela gravados.
[2024-04-21 14:29:49] INFO: Dados da janela gravados.
[2024-04-21 14:29:49] INFO: Dados da janela gravados.
[2024-04-21 14:29:49] INFO: Dados da janela gravados.
[2024-04-21 14:29:49] INFO: Dados da janela gravados.
[2024-04-21 14:29:49] INFO: Dados da janela gravados.
[2024-04-21 14:29:49] INFO: Dados da janela gravados.
[2024-04-21 14:29:49] INFO: Dados da janela gravados.
[2024-04-21 14:29:49] INFO: Dados da janela gravados.
[2024-04-21 14:29:49] INFO: Dados da janela gravados.
[2024-04-21 14:29:49] INFO: Dados da janela gravados.
[2024-04-21 14:29:49] INFO: Todas as janelas verificadas.
